<?xml version="1.0" encoding="UTF-8"?>
<testsuite xmlns:xsi="http://www.w3.org/2001/XMLSchema-instance" xsi:noNamespaceSchemaLocation="https://maven.apache.org/surefire/maven-surefire-plugin/xsd/surefire-test-report.xsd" version="3.0.2" name="com.pt.springdemo.ControllerTest" time="0.124" tests="5" errors="0" skipped="0" failures="0" flakes="0">
  <properties>
[...]
</properties>
  <testcase name="customersReturnsListFromService" classname="com.pt.springdemo.ControllerTest" time="0.029"/>
  <testcase name="insightsReturnsRunningMessage" classname="com.pt.springdemo.ControllerTest" time="0.001"/>
  <testcase name="createPersistsAndReturnsCustomer" classname="com.pt.springdemo.ControllerTest" time="0.005">
    <system-out><![CDATA[10:37:22.326 [main] INFO com.pt.springdemo.Controller -- input: com.pt.springdemo.entity.Customer@fa49800
]]></system-out>
  </testcase>
  <testcase name="greetingReturnsExpectedMessage" classname="com.pt.springdemo.ControllerTest" time="0.001"/>
  <testcase name="customersThrowsInternalServerErrorWhenServiceFails" classname="com.pt.springdemo.ControllerTest" time="0.014"/>
</testsuite>