<?xml version="1.0" encoding="UTF-8"?>
<testsuite xmlns:xsi="http://www.w3.org/2001/XMLSchema-instance" xsi:noNamespaceSchemaLocation="https://maven.apache.org/surefire/maven-surefire-plugin/xsd/surefire-test-report-3.0.xsd" version="3.0" name="com.pt.springdemo.ControllerTest" time="0.119" tests="5" errors="0" skipped="0" failures="0">
  <properties>
[...]
</properties>
  <testcase name="customersReturnsListFromService" classname="com.pt.springdemo.ControllerTest" time="0.023"/>
  <testcase name="insightsReturnsRunningMessage" classname="com.pt.springdemo.ControllerTest" time="0.001"/>
  <testcase name="createPersistsAndReturnsCustomer" classname="com.pt.springdemo.ControllerTest" time="0.005">
    <system-out><![CDATA[12:59:30.590 [main] INFO com.pt.springdemo.Controller -- input: com.pt.springdemo.entity.Customer@484970b0
]]></system-out>
  </testcase>
  <testcase name="greetingReturnsExpectedMessage" classname="com.pt.springdemo.ControllerTest" time="0.003"/>
  <testcase name="customersThrowsInternalServerErrorWhenServiceFails" classname="com.pt.springdemo.ControllerTest" time="0.01"/>
</testsuite>